<?xml version="1.0" encoding="UTF-8"?>
<testng-results ignored="0" total="14" passed="13" failed="1" skipped="0">
  <reporter-output>
  </reporter-output>
  <suite started-at="2025-02-10T12:21:05 EST" name="API_Bootcamp_Suite" finished-at="2025-02-10T12:21:15 EST" duration-ms="9974">
    <groups>
    </groups>
    <test started-at="2025-02-10T12:21:05 EST" name="APIBootcamp" finished-at="2025-02-10T12:21:15 EST" duration-ms="9974">
      <class name="com.nn.apibootcamp.test.PUT_NegativeTestCase">
        <test-method is-config="true" signature="setupData()[pri:0, instance:com.nn.apibootcamp.test.PUT_NegativeTestCase@3a7442c7]" started-at="2025-02-10T12:21:14 EST" name="setupData" finished-at="2025-02-10T12:21:14 EST" duration-ms="55" status="PASS">
          <reporter-output>
          </reporter-output>
        </test-method> <!-- setupData -->
        <test-method signature="validate_Update_uniqueField_constraint(java.util.Map)[pri:0, instance:com.nn.apibootcamp.test.PUT_NegativeTestCase@3a7442c7]" started-at="2025-02-10T12:21:14 EST" name="validate_Update_uniqueField_constraint" data-provider="PositiveTestData" finished-at="2025-02-10T12:21:14 EST" duration-ms="281" status="PASS">
          <params>
            <param index="0">
              <value>
                <![CDATA[{Run=Yes, firstname=aeg, lastname=dasvsr, Email=eag@gmail.com, contact_no=6789208111, Plot_no=9-a, street=esag, state=esfg, country=eag, zipcode=12398}]]>
              </value>
            </param>
          </params>
          <reporter-output>
          </reporter-output>
        </test-method> <!-- validate_Update_uniqueField_constraint -->
        <test-method signature="validate_incorrect_putEndpoint(java.util.Map)[pri:0, instance:com.nn.apibootcamp.test.PUT_NegativeTestCase@3a7442c7]" started-at="2025-02-10T12:21:14 EST" name="validate_incorrect_putEndpoint" data-provider="PositiveTestData" finished-at="2025-02-10T12:21:14 EST" duration-ms="270" status="PASS">
          <params>
            <param index="0">
              <value>
                <![CDATA[{Run=Yes, firstname=aeg, lastname=dasvsr, Email=eag@gmail.com, contact_no=6789208111, Plot_no=9-a, street=esag, state=esfg, country=eag, zipcode=12398}]]>
              </value>
            </param>
          </params>
          <reporter-output>
          </reporter-output>
        </test-method> <!-- validate_incorrect_putEndpoint -->
      </class> <!-- com.nn.apibootcamp.test.PUT_NegativeTestCase -->
      <class name="com.nn.apibootcamp.test.API_Chaining_PositiveTestCase">
        <test-method is-config="true" signature="setupData()[pri:0, instance:com.nn.apibootcamp.test.API_Chaining_PositiveTestCase@75d3a5e0]" started-at="2025-02-10T12:21:05 EST" name="setupData" finished-at="2025-02-10T12:21:06 EST" duration-ms="830" status="PASS">
          <reporter-output>
          </reporter-output>
        </test-method> <!-- setupData -->
        <test-method signature="testCreateUser(java.util.Map)[pri:1, instance:com.nn.apibootcamp.test.API_Chaining_PositiveTestCase@75d3a5e0]" started-at="2025-02-10T12:21:06 EST" name="testCreateUser" data-provider="PositiveTestData" finished-at="2025-02-10T12:21:10 EST" duration-ms="3917" status="PASS">
          <params>
            <param index="0">
              <value>
                <![CDATA[{Run=Yes, firstname=aeg, lastname=dasvsr, Email=eag@gmail.com, contact_no=6789208111, Plot_no=9-a, street=esag, state=esfg, country=eag, zipcode=12398}]]>
              </value>
            </param>
          </params>
          <reporter-output>
          </reporter-output>
        </test-method> <!-- testCreateUser -->
        <test-method signature="testGetUserByFirstName()[pri:2, instance:com.nn.apibootcamp.test.API_Chaining_PositiveTestCase@75d3a5e0]" started-at="2025-02-10T12:21:10 EST" name="testGetUserByFirstName" finished-at="2025-02-10T12:21:11 EST" depends-on-methods="com.nn.apibootcamp.test.API_Chaining_PositiveTestCase.testCreateUser" duration-ms="338" status="PASS">
          <reporter-output>
          </reporter-output>
        </test-method> <!-- testGetUserByFirstName -->
        <test-method signature="testGetUserByUserId()[pri:3, instance:com.nn.apibootcamp.test.API_Chaining_PositiveTestCase@75d3a5e0]" started-at="2025-02-10T12:21:11 EST" name="testGetUserByUserId" finished-at="2025-02-10T12:21:11 EST" depends-on-methods="com.nn.apibootcamp.test.API_Chaining_PositiveTestCase.testGetUserByFirstName" duration-ms="375" status="PASS">
          <reporter-output>
          </reporter-output>
        </test-method> <!-- testGetUserByUserId -->
        <test-method signature="testUpdateUser()[pri:4, instance:com.nn.apibootcamp.test.API_Chaining_PositiveTestCase@75d3a5e0]" started-at="2025-02-10T12:21:11 EST" name="testUpdateUser" finished-at="2025-02-10T12:21:11 EST" depends-on-methods="com.nn.apibootcamp.test.API_Chaining_PositiveTestCase.testGetUserByUserId" duration-ms="362" status="PASS">
          <reporter-output>
          </reporter-output>
        </test-method> <!-- testUpdateUser -->
        <test-method signature="testDeleteByUserId()[pri:5, instance:com.nn.apibootcamp.test.API_Chaining_PositiveTestCase@75d3a5e0]" started-at="2025-02-10T12:21:11 EST" name="testDeleteByUserId" finished-at="2025-02-10T12:21:12 EST" depends-on-methods="com.nn.apibootcamp.test.API_Chaining_PositiveTestCase.testUpdateUser" duration-ms="290" status="PASS">
          <reporter-output>
          </reporter-output>
        </test-method> <!-- testDeleteByUserId -->
      </class> <!-- com.nn.apibootcamp.test.API_Chaining_PositiveTestCase -->
      <class name="com.nn.apibootcamp.test.GET_NegativeTestCase">
        <test-method is-config="true" signature="setupData()[pri:0, instance:com.nn.apibootcamp.test.GET_NegativeTestCase@5149d738]" started-at="2025-02-10T12:21:12 EST" name="setupData" finished-at="2025-02-10T12:21:12 EST" duration-ms="133" status="PASS">
          <reporter-output>
          </reporter-output>
        </test-method> <!-- setupData -->
        <test-method signature="validate_GetByincorrectFirstName(java.util.Map)[pri:0, instance:com.nn.apibootcamp.test.GET_NegativeTestCase@5149d738]" started-at="2025-02-10T12:21:12 EST" name="validate_GetByincorrectFirstName" data-provider="PositiveTestData" finished-at="2025-02-10T12:21:12 EST" duration-ms="363" status="PASS">
          <params>
            <param index="0">
              <value>
                <![CDATA[{Run=Yes, firstname=aeg, lastname=dasvsr, Email=eag@gmail.com, contact_no=6789208111, Plot_no=9-a, street=esag, state=esfg, country=eag, zipcode=12398}]]>
              </value>
            </param>
          </params>
          <reporter-output>
          </reporter-output>
        </test-method> <!-- validate_GetByincorrectFirstName -->
        <test-method signature="validate_GetByincorrectUseriD(java.util.Map)[pri:0, instance:com.nn.apibootcamp.test.GET_NegativeTestCase@5149d738]" started-at="2025-02-10T12:21:12 EST" name="validate_GetByincorrectUseriD" data-provider="PositiveTestData" finished-at="2025-02-10T12:21:13 EST" duration-ms="370" status="PASS">
          <params>
            <param index="0">
              <value>
                <![CDATA[{Run=Yes, firstname=aeg, lastname=dasvsr, Email=eag@gmail.com, contact_no=6789208111, Plot_no=9-a, street=esag, state=esfg, country=eag, zipcode=12398}]]>
              </value>
            </param>
          </params>
          <reporter-output>
          </reporter-output>
        </test-method> <!-- validate_GetByincorrectUseriD -->
        <test-method signature="validate_GetEndpoint(java.util.Map)[pri:0, instance:com.nn.apibootcamp.test.GET_NegativeTestCase@5149d738]" started-at="2025-02-10T12:21:13 EST" name="validate_GetEndpoint" data-provider="PositiveTestData" finished-at="2025-02-10T12:21:13 EST" duration-ms="285" status="PASS">
          <params>
            <param index="0">
              <value>
                <![CDATA[{Run=Yes, firstname=aeg, lastname=dasvsr, Email=eag@gmail.com, contact_no=6789208111, Plot_no=9-a, street=esag, state=esfg, country=eag, zipcode=12398}]]>
              </value>
            </param>
          </params>
          <reporter-output>
          </reporter-output>
        </test-method> <!-- validate_GetEndpoint -->
      </class> <!-- com.nn.apibootcamp.test.GET_NegativeTestCase -->
      <class name="com.nn.apibootcamp.test.DELETE_NegativeTestCase">
        <test-method is-config="true" signature="setupData()[pri:0, instance:com.nn.apibootcamp.test.DELETE_NegativeTestCase@4be29ed9]" started-at="2025-02-10T12:21:14 EST" name="setupData" finished-at="2025-02-10T12:21:15 EST" duration-ms="40" status="PASS">
          <reporter-output>
          </reporter-output>
        </test-method> <!-- setupData -->
        <test-method signature="Validate_DeleteEndPoint(java.util.Map)[pri:0, instance:com.nn.apibootcamp.test.DELETE_NegativeTestCase@4be29ed9]" started-at="2025-02-10T12:21:15 EST" name="Validate_DeleteEndPoint" data-provider="PositiveTestData" finished-at="2025-02-10T12:21:15 EST" duration-ms="283" status="PASS">
          <params>
            <param index="0">
              <value>
                <![CDATA[{Run=Yes, firstname=aeg, lastname=dasvsr, Email=eag@gmail.com, contact_no=6789208111, Plot_no=9-a, street=esag, state=esfg, country=eag, zipcode=12398}]]>
              </value>
            </param>
          </params>
          <reporter-output>
          </reporter-output>
        </test-method> <!-- Validate_DeleteEndPoint -->
        <test-method signature="Validate_deleteBy_incorrectUserId(java.util.Map)[pri:0, instance:com.nn.apibootcamp.test.DELETE_NegativeTestCase@4be29ed9]" started-at="2025-02-10T12:21:15 EST" name="Validate_deleteBy_incorrectUserId" data-provider="PositiveTestData" finished-at="2025-02-10T12:21:15 EST" duration-ms="364" status="PASS">
          <params>
            <param index="0">
              <value>
                <![CDATA[{Run=Yes, firstname=aeg, lastname=dasvsr, Email=eag@gmail.com, contact_no=6789208111, Plot_no=9-a, street=esag, state=esfg, country=eag, zipcode=12398}]]>
              </value>
            </param>
          </params>
          <reporter-output>
          </reporter-output>
        </test-method> <!-- Validate_deleteBy_incorrectUserId -->
      </class> <!-- com.nn.apibootcamp.test.DELETE_NegativeTestCase -->
      <class name="com.nn.apibootcamp.test.Post_NegativeTestCase">
        <test-method is-config="true" signature="setupData()[pri:0, instance:com.nn.apibootcamp.test.Post_NegativeTestCase@6bbe85a8]" started-at="2025-02-10T12:21:13 EST" name="setupData" finished-at="2025-02-10T12:21:13 EST" duration-ms="63" status="PASS">
          <reporter-output>
          </reporter-output>
        </test-method> <!-- setupData -->
        <test-method signature="validate_incorrect_postEndpoint(java.util.Map)[pri:0, instance:com.nn.apibootcamp.test.Post_NegativeTestCase@6bbe85a8]" started-at="2025-02-10T12:21:13 EST" name="validate_incorrect_postEndpoint" data-provider="PositiveTestData" finished-at="2025-02-10T12:21:13 EST" duration-ms="421" status="PASS">
          <params>
            <param index="0">
              <value>
                <![CDATA[{Run=Yes, firstname=aeg, lastname=dasvsr, Email=eag@gmail.com, contact_no=6789208111, Plot_no=9-a, street=esag, state=esfg, country=eag, zipcode=12398}]]>
              </value>
            </param>
          </params>
          <reporter-output>
          </reporter-output>
        </test-method> <!-- validate_incorrect_postEndpoint -->
        <test-method signature="validate_uniqueField_constraint(java.util.Map)[pri:0, instance:com.nn.apibootcamp.test.Post_NegativeTestCase@6bbe85a8]" started-at="2025-02-10T12:21:13 EST" name="validate_uniqueField_constraint" data-provider="PositiveTestData" finished-at="2025-02-10T12:21:14 EST" duration-ms="402" status="FAIL">
          <params>
            <param index="0">
              <value>
                <![CDATA[{Run=Yes, firstname=aeg, lastname=dasvsr, Email=eag@gmail.com, contact_no=6789208111, Plot_no=9-a, street=esag, state=esfg, country=eag, zipcode=12398}]]>
              </value>
            </param>
          </params>
          <exception class="java.lang.AssertionError">
            <message>
              <![CDATA[expected [409] but found [400]]]>
            </message>
            <full-stacktrace>
              <![CDATA[java.lang.AssertionError: expected [409] but found [400]
at org.testng.Assert.fail(Assert.java:110)
at org.testng.Assert.failNotEquals(Assert.java:1577)
at org.testng.Assert.assertEqualsImpl(Assert.java:149)
at org.testng.Assert.assertEquals(Assert.java:131)
at org.testng.Assert.assertEquals(Assert.java:1418)
at org.testng.Assert.assertEquals(Assert.java:1382)
at org.testng.Assert.assertEquals(Assert.java:1428)
at com.nn.apibootcamp.test.Post_NegativeTestCase.validate_uniqueField_constraint(Post_NegativeTestCase.java:64)
at java.base/jdk.internal.reflect.DirectMethodHandleAccessor.invoke(DirectMethodHandleAccessor.java:103)
at java.base/java.lang.reflect.Method.invoke(Method.java:580)
at org.testng.internal.invokers.MethodInvocationHelper.invokeMethod(MethodInvocationHelper.java:139)
at org.testng.internal.invokers.TestInvoker.invokeMethod(TestInvoker.java:677)
at org.testng.internal.invokers.TestInvoker.invokeTestMethod(TestInvoker.java:221)
at org.testng.internal.invokers.MethodRunner.runInSequence(MethodRunner.java:50)
at org.testng.internal.invokers.TestInvoker$MethodInvocationAgent.invoke(TestInvoker.java:969)
at org.testng.internal.invokers.TestInvoker.invokeTestMethods(TestInvoker.java:194)
at org.testng.internal.invokers.TestMethodWorker.invokeTestMethods(TestMethodWorker.java:148)
at org.testng.internal.invokers.TestMethodWorker.run(TestMethodWorker.java:128)
at java.base/java.util.ArrayList.forEach(ArrayList.java:1597)
at org.testng.TestRunner.privateRun(TestRunner.java:829)
at org.testng.TestRunner.run(TestRunner.java:602)
at org.testng.SuiteRunner.runTest(SuiteRunner.java:437)
at org.testng.SuiteRunner.runSequentially(SuiteRunner.java:431)
at org.testng.SuiteRunner.privateRun(SuiteRunner.java:391)
at org.testng.SuiteRunner.run(SuiteRunner.java:330)
at org.testng.SuiteRunnerWorker.runSuite(SuiteRunnerWorker.java:52)
at org.testng.SuiteRunnerWorker.run(SuiteRunnerWorker.java:95)
at org.testng.TestNG.runSuitesSequentially(TestNG.java:1256)
at org.testng.TestNG.runSuitesLocally(TestNG.java:1176)
at org.testng.TestNG.runSuites(TestNG.java:1099)
at org.testng.TestNG.run(TestNG.java:1067)
at org.testng.remote.AbstractRemoteTestNG.run(AbstractRemoteTestNG.java:115)
at org.testng.remote.RemoteTestNG.initAndRun(RemoteTestNG.java:293)
at org.testng.remote.RemoteTestNG.main(RemoteTestNG.java:91)
]]>
            </full-stacktrace>
          </exception> <!-- java.lang.AssertionError -->
          <reporter-output>
          </reporter-output>
        </test-method> <!-- validate_uniqueField_constraint -->
      </class> <!-- com.nn.apibootcamp.test.Post_NegativeTestCase -->
    </test> <!-- APIBootcamp -->
  </suite> <!-- API_Bootcamp_Suite -->
</testng-results>
