<?xml version="1.0" encoding="UTF-8"?>
<!-- Generated by org.testng.reporters.JUnitXMLReporter -->
<testsuite ignored="0" hostname="Poojas-MBP.lan" failures="1" tests="14" name="APIBootcamp" time="9.974" errors="0" timestamp="2025-02-10T12:21:15 EST">
  <testcase classname="com.nn.apibootcamp.test.API_Chaining_PositiveTestCase" name="testCreateUser" time="3.917"/>
  <testcase classname="com.nn.apibootcamp.test.API_Chaining_PositiveTestCase" name="testGetUserByFirstName" time="0.338"/>
  <testcase classname="com.nn.apibootcamp.test.API_Chaining_PositiveTestCase" name="testGetUserByUserId" time="0.375"/>
  <testcase classname="com.nn.apibootcamp.test.API_Chaining_PositiveTestCase" name="testUpdateUser" time="0.362"/>
  <testcase classname="com.nn.apibootcamp.test.API_Chaining_PositiveTestCase" name="testDeleteByUserId" time="0.29"/>
  <testcase classname="com.nn.apibootcamp.test.GET_NegativeTestCase" name="validate_GetByincorrectFirstName" time="0.363"/>
  <testcase classname="com.nn.apibootcamp.test.GET_NegativeTestCase" name="validate_GetByincorrectUseriD" time="0.37"/>
  <testcase classname="com.nn.apibootcamp.test.GET_NegativeTestCase" name="validate_GetEndpoint" time="0.285"/>
  <testcase classname="com.nn.apibootcamp.test.Post_NegativeTestCase" name="validate_incorrect_postEndpoint" time="0.421"/>
  <testcase classname="com.nn.apibootcamp.test.Post_NegativeTestCase" name="validate_uniqueField_constraint" time="0.402">
    <failure type="java.lang.AssertionError" message="expected [409] but found [400]">
      <![CDATA[java.lang.AssertionError: expected [409] but found [400]
at com.nn.apibootcamp.test.Post_NegativeTestCase.validate_uniqueField_constraint(Post_NegativeTestCase.java:64)
at java.base/java.util.ArrayList.forEach(ArrayList.java:1597)
... Removed 32 stack frames]]>
    </failure>
  </testcase> <!-- validate_uniqueField_constraint -->
  <testcase classname="com.nn.apibootcamp.test.PUT_NegativeTestCase" name="validate_Update_uniqueField_constraint" time="0.281"/>
  <testcase classname="com.nn.apibootcamp.test.PUT_NegativeTestCase" name="validate_incorrect_putEndpoint" time="0.27"/>
  <testcase classname="com.nn.apibootcamp.test.DELETE_NegativeTestCase" name="Validate_DeleteEndPoint" time="0.283"/>
  <testcase classname="com.nn.apibootcamp.test.DELETE_NegativeTestCase" name="Validate_deleteBy_incorrectUserId" time="0.364"/>
</testsuite> <!-- APIBootcamp -->
